<?xml version="1.0" encoding="UTF-8"?>
<testng-results ignored="0" total="1" passed="1" failed="0" skipped="0">
  <reporter-output>
  </reporter-output>
  <suite started-at="2022-12-15T14:28:59 IST" name="Default suite" finished-at="2022-12-15T14:31:47 IST" duration-ms="167420">
    <groups>
    </groups>
    <test started-at="2022-12-15T14:28:59 IST" name="Default test" finished-at="2022-12-15T14:31:47 IST" duration-ms="167420">
      <class name="casestudybanjararides.test">
        <test-method is-config="true" signature="reportSetup()[pri:0, instance:casestudybanjararides.test@29d89d5d]" started-at="2022-12-15T14:28:58 IST" name="reportSetup" finished-at="2022-12-15T14:28:59 IST" duration-ms="848" status="PASS">
          <reporter-output>
          </reporter-output>
        </test-method> <!-- reportSetup -->
        <test-method is-config="true" signature="BT()[pri:0, instance:casestudybanjararides.test@29d89d5d]" started-at="2022-12-15T14:28:59 IST" name="BT" finished-at="2022-12-15T14:29:35 IST" duration-ms="35538" status="PASS">
          <reporter-output>
          </reporter-output>
        </test-method> <!-- BT -->
        <test-method signature="launchbanjararide()[pri:0, instance:casestudybanjararides.test@29d89d5d]" started-at="2022-12-15T14:29:35 IST" name="launchbanjararide" finished-at="2022-12-15T14:31:46 IST" duration-ms="131338" status="PASS">
          <reporter-output>
          </reporter-output>
        </test-method> <!-- launchbanjararide -->
        <test-method is-config="true" signature="reportTeardown()[pri:0, instance:casestudybanjararides.test@29d89d5d]" started-at="2022-12-15T14:31:47 IST" name="reportTeardown" finished-at="2022-12-15T14:31:49 IST" duration-ms="2416" status="PASS">
          <reporter-output>
          </reporter-output>
        </test-method> <!-- reportTeardown -->
      </class> <!-- casestudybanjararides.test -->
    </test> <!-- Default test -->
  </suite> <!-- Default suite -->
</testng-results>
